<?xml version="1.0" encoding="UTF-8"?>
<!-- Generated by org.testng.reporters.JUnitReportReporter -->
<testsuite hostname="DESKTOP-9NEQMQ7" failures="0" tests="1" name="runner.AddReview_TestRunner" time="37.566" errors="0" timestamp="2023-11-19T14:32:18 WAT" skipped="0">
  <testcase classname="runner.AddReview_TestRunner" name="runScenario" time="37.566"/>
</testsuite> <!-- runner.AddReview_TestRunner -->
