<?xml version="1.0" encoding="UTF-8"?>
<!-- Generated by org.testng.reporters.JUnitReportReporter -->
<testsuite hostname="DESKTOP-9NEQMQ7" failures="0" tests="2" name="runner.EmailToFriend_TestRunner" time="23.274" errors="0" timestamp="2023-11-19T12:56:01 WAT" skipped="0">
  <testcase classname="runner.EmailToFriend_TestRunner" name="runScenario" time="15.399"/>
  <testcase classname="runner.EmailToFriend_TestRunner" name="runScenario" time="7.875"/>
</testsuite> <!-- runner.EmailToFriend_TestRunner -->
