<?xml version="1.0" encoding="UTF-8"?>
<!-- Generated by org.testng.reporters.JUnitReportReporter -->
<testsuite hostname="DESKTOP-9NEQMQ7" failures="0" tests="1" name="runner.ChangeMypassword_TestsRunner" time="19.949" errors="0" timestamp="2023-11-18T11:12:01 WAT" skipped="0">
  <testcase classname="runner.ChangeMypassword_TestsRunner" name="runScenario" time="19.949"/>
</testsuite> <!-- runner.ChangeMypassword_TestsRunner -->
