<?xml version="1.0" encoding="UTF-8"?>
<!-- Generated by org.testng.reporters.JUnitReportReporter -->
<testsuite hostname="DESKTOP-9NEQMQ7" failures="0" tests="1" name="runner.Contact_Us_TestRunner" time="6.306" errors="0" timestamp="2023-11-19T12:56:01 WAT" skipped="0">
  <testcase classname="runner.Contact_Us_TestRunner" name="runScenario" time="6.306"/>
</testsuite> <!-- runner.Contact_Us_TestRunner -->
