<?xml version="1.0" encoding="UTF-8"?>
<!-- Generated by org.testng.reporters.JUnitReportReporter -->
<testsuite hostname="DESKTOP-9NEQMQ7" failures="0" tests="1" name="runner.AddReview_TestRunner" time="23.716" errors="0" timestamp="2023-11-19T12:56:01 WAT" skipped="0">
  <testcase classname="runner.AddReview_TestRunner" name="runScenario" time="23.716"/>
</testsuite> <!-- runner.AddReview_TestRunner -->
