<?xml version="1.0" encoding="UTF-8"?>
<!-- Generated by org.testng.reporters.JUnitReportReporter -->
<testsuite hostname="DESKTOP-9NEQMQ7" failures="0" tests="2" name="runner.UserRegistration_TestRunner" time="26.306" errors="0" timestamp="2023-11-19T12:58:30 WAT" skipped="0">
  <testcase classname="runner.UserRegistration_TestRunner" name="runScenario" time="13.734"/>
  <testcase classname="runner.UserRegistration_TestRunner" name="runScenario" time="12.572"/>
</testsuite> <!-- runner.UserRegistration_TestRunner -->
