<?xml version="1.0" encoding="UTF-8"?>
<!-- Generated by org.testng.reporters.JUnitReportReporter -->
<testsuite hostname="DESKTOP-9NEQMQ7" failures="0" tests="3" name="runner.Eend2End_purchaseTestsRunner" time="166.846" errors="0" timestamp="2023-11-19T12:56:01 WAT" skipped="0">
  <testcase classname="runner.Eend2End_purchaseTestsRunner" name="runScenario" time="62.486"/>
  <testcase classname="runner.Eend2End_purchaseTestsRunner" name="runScenario" time="42.421"/>
  <testcase classname="runner.Eend2End_purchaseTestsRunner" name="runScenario" time="61.939"/>
</testsuite> <!-- runner.Eend2End_purchaseTestsRunner -->
