<?xml version="1.0" encoding="UTF-8"?>
<!-- Generated by org.testng.reporters.JUnitReportReporter -->
<testsuite hostname="DESKTOP-9NEQMQ7" failures="0" tests="1" name="runner.ChangeMypassword_TestsRunner" time="21.853" errors="0" timestamp="2023-11-19T12:56:01 WAT" skipped="0">
  <testcase classname="runner.ChangeMypassword_TestsRunner" name="runScenario" time="21.853"/>
</testsuite> <!-- runner.ChangeMypassword_TestsRunner -->
